Построение начато 06.01.2014 22:18:21.
     1>Проект "C:\Users\Дмитрий\Desktop\whirlpool\whirlpool\whirlpool.vcxproj" в узле 2 (целевые объекты build).
     1>InitializeBuildStatus:
         Создание "Debug\whirlpool.unsuccessfulbuild", так как было задано "AlwaysCreate".
       ClCompile:
         Для всех выходных данных обновления не требуется.
         C:\Program Files\Microsoft Visual Studio 10.0\VC\bin\CL.exe /c /ZI /nologo /W3 /WX- /Od /Oy- /D WIN32 /D _DEBUG /D _CONSOLE /D _UNICODE /D UNICODE /Gm /EHsc /RTC1 /MDd /GS /fp:precise /Zc:wchar_t /Zc:forScope /Yu"StdAfx.h" /Fp"Debug\whirlpool.pch" /Fo"Debug\\" /Fd"Debug\vc100.pdb" /Gd /TP /analyze- /errorReport:prompt main.cpp
         main.cpp
       ManifestResourceCompile:
         Для всех выходных данных обновления не требуется.
       Link:
         C:\Program Files\Microsoft Visual Studio 10.0\VC\bin\link.exe /ERRORREPORT:PROMPT /OUT:"C:\Users\Дмитрий\Desktop\whirlpool\Debug\whirlpool.exe" /INCREMENTAL /NOLOGO kernel32.lib user32.lib gdi32.lib winspool.lib comdlg32.lib advapi32.lib shell32.lib ole32.lib oleaut32.lib uuid.lib odbc32.lib odbccp32.lib /MANIFEST /ManifestFile:"Debug\whirlpool.exe.intermediate.manifest" /MANIFESTUAC:"level='asInvoker' uiAccess='false'" /DEBUG /PDB:"C:\Users\Дмитрий\Desktop\whirlpool\Debug\whirlpool.pdb" /SUBSYSTEM:CONSOLE /TLBID:1 /DYNAMICBASE /NXCOMPAT /IMPLIB:"C:\Users\Дмитрий\Desktop\whirlpool\Debug\whirlpool.lib" /MACHINE:X86 Debug\whirlpool.exe.embed.manifest.res
         Debug\block.obj
         Debug\stdafx.obj
         Debug\main.obj
         Debug\whirlpool.obj
       Manifest:
         C:\Program Files\Microsoft SDKs\Windows\v7.0A\bin\mt.exe /nologo /verbose /out:"Debug\whirlpool.exe.embed.manifest" /manifest Debug\whirlpool.exe.intermediate.manifest
         Для всех выходных данных обновления не требуется.
       LinkEmbedManifest:
         Для всех выходных данных обновления не требуется.
         whirlpool.vcxproj -> C:\Users\Дмитрий\Desktop\whirlpool\Debug\whirlpool.exe
       FinalizeBuildStatus:
         Файл "Debug\whirlpool.unsuccessfulbuild" удаляется.
         Обращение к "Debug\whirlpool.lastbuildstate".
     1>Построение проекта "C:\Users\Дмитрий\Desktop\whirlpool\whirlpool\whirlpool.vcxproj" завершено (целевые объекты build).

Построение успешно завершено.

Затраченное время: 00:00:00.72
